<?xml version="1.0" encoding="UTF-8" ?>
<testsuite tests="18" failures="0" name="cz.fi.muni.pv168.bank.PersonManagerImplTest" time="0.253" errors="0" skipped="0">
  <properties>
[...]
</properties>
  <testcase classname="cz.fi.muni.pv168.bank.PersonManagerImplTest" name="deletePerson" time="0.09"/>
  <testcase classname="cz.fi.muni.pv168.bank.PersonManagerImplTest" name="createPersonWithEmptyName" time="0.004"/>
  <testcase classname="cz.fi.muni.pv168.bank.PersonManagerImplTest" name="createNullPerson" time="0.004"/>
  <testcase classname="cz.fi.muni.pv168.bank.PersonManagerImplTest" name="updatePersonName" time="0.015"/>
  <testcase classname="cz.fi.muni.pv168.bank.PersonManagerImplTest" name="updatePersonSetNameNull" time="0.011"/>
  <testcase classname="cz.fi.muni.pv168.bank.PersonManagerImplTest" name="findAllPeople" time="0.013"/>
  <testcase classname="cz.fi.muni.pv168.bank.PersonManagerImplTest" name="updatePersonSetBornNull" time="0.012"/>
  <testcase classname="cz.fi.muni.pv168.bank.PersonManagerImplTest" name="createPersonWithAssignedId" time="0.006"/>
  <testcase classname="cz.fi.muni.pv168.bank.PersonManagerImplTest" name="deleteNullPerson" time="0.008"/>
  <testcase classname="cz.fi.muni.pv168.bank.PersonManagerImplTest" name="createPersonWithNullName" time="0.007"/>
  <testcase classname="cz.fi.muni.pv168.bank.PersonManagerImplTest" name="updatePersonWithNonExistingId" time="0.01"/>
  <testcase classname="cz.fi.muni.pv168.bank.PersonManagerImplTest" name="updateNullPerson" time="0.005"/>
  <testcase classname="cz.fi.muni.pv168.bank.PersonManagerImplTest" name="getPerson" time="0.022"/>
  <testcase classname="cz.fi.muni.pv168.bank.PersonManagerImplTest" name="deletePersonWithNullId" time="0.006"/>
  <testcase classname="cz.fi.muni.pv168.bank.PersonManagerImplTest" name="updatePersonSetNameEmpty" time="0.009"/>
  <testcase classname="cz.fi.muni.pv168.bank.PersonManagerImplTest" name="createPerson" time="0.01"/>
  <testcase classname="cz.fi.muni.pv168.bank.PersonManagerImplTest" name="deletePersonWithNonexistentId" time="0.009"/>
  <testcase classname="cz.fi.muni.pv168.bank.PersonManagerImplTest" name="updatePersonSetIdNegative" time="0.009"/>
</testsuite>