<?xml version="1.0" encoding="UTF-8" ?>
<testsuite tests="27" failures="0" name="cz.fi.muni.pv168.bank.BankManagerImplTest" time="1.905" errors="0" skipped="0">
  <properties>
[...]
</properties>
  <testcase classname="cz.fi.muni.pv168.bank.BankManagerImplTest" name="deleteAccountWithNullPerson" time="0.18"/>
  <testcase classname="cz.fi.muni.pv168.bank.BankManagerImplTest" name="deleteAccountToWrongPerson" time="0.174"/>
  <testcase classname="cz.fi.muni.pv168.bank.BankManagerImplTest" name="findAccountsWithNullPerson" time="0.052"/>
  <testcase classname="cz.fi.muni.pv168.bank.BankManagerImplTest" name="openNewAccount" time="0.079"/>
  <testcase classname="cz.fi.muni.pv168.bank.BankManagerImplTest" name="deleteAccount" time="0.139"/>
  <testcase classname="cz.fi.muni.pv168.bank.BankManagerImplTest" name="processPaymentWithNegativeSum" time="0.086"/>
  <testcase classname="cz.fi.muni.pv168.bank.BankManagerImplTest" name="processPayment" time="0.13"/>
  <testcase classname="cz.fi.muni.pv168.bank.BankManagerImplTest" name="findAllAccounts" time="0.108"/>
  <testcase classname="cz.fi.muni.pv168.bank.BankManagerImplTest" name="findPersonWithAccount" time="0.091"/>
  <testcase classname="cz.fi.muni.pv168.bank.BankManagerImplTest" name="openNewAccountToNullPerson" time="0.062"/>
  <testcase classname="cz.fi.muni.pv168.bank.BankManagerImplTest" name="openNewAccountWithNullNumber" time="0.056"/>
  <testcase classname="cz.fi.muni.pv168.bank.BankManagerImplTest" name="openNewAccountMultipleTime" time="0.078"/>
  <testcase classname="cz.fi.muni.pv168.bank.BankManagerImplTest" name="openNewNullAccount" time="0.055"/>
  <testcase classname="cz.fi.muni.pv168.bank.BankManagerImplTest" name="deleteNullAccount" time="0.05"/>
  <testcase classname="cz.fi.muni.pv168.bank.BankManagerImplTest" name="openNewAccountNotInDB" time="0.074"/>
  <testcase classname="cz.fi.muni.pv168.bank.BankManagerImplTest" name="openNewAccountToPersonNotInDB" time="0.04"/>
  <testcase classname="cz.fi.muni.pv168.bank.BankManagerImplTest" name="findPersonWithAccountHavingNullId" time="0.033"/>
  <testcase classname="cz.fi.muni.pv168.bank.BankManagerImplTest" name="openAccountToMultiplePeople" time="0.06"/>
  <testcase classname="cz.fi.muni.pv168.bank.BankManagerImplTest" name="processPaymentWithNullToAccount" time="0.027"/>
  <testcase classname="cz.fi.muni.pv168.bank.BankManagerImplTest" name="findAccountsWithPersonHavingNullId" time="0.049"/>
  <testcase classname="cz.fi.muni.pv168.bank.BankManagerImplTest" name="processPaymentWithNullFromAccount" time="0.043"/>
  <testcase classname="cz.fi.muni.pv168.bank.BankManagerImplTest" name="deleteAccountToPersonNotInDB" time="0.062"/>
  <testcase classname="cz.fi.muni.pv168.bank.BankManagerImplTest" name="openNewAccountWithNullId" time="0.039"/>
  <testcase classname="cz.fi.muni.pv168.bank.BankManagerImplTest" name="findPersonWithNullAccount" time="0.033"/>
  <testcase classname="cz.fi.muni.pv168.bank.BankManagerImplTest" name="deleteAccountNotInDB" time="0.034"/>
  <testcase classname="cz.fi.muni.pv168.bank.BankManagerImplTest" name="deleteAccountToPersonWithNullId" time="0.029"/>
  <testcase classname="cz.fi.muni.pv168.bank.BankManagerImplTest" name="deleteAccountWithNullNumber" time="0.029"/>
</testsuite>